# JRE version: OpenJDK Runtime Environment (8.0_161-b14) (build 1.8.0_161-b14)
# Java VM: OpenJDK 64-Bit Server VM (25.161-b14 mixed mode linux-amd64 compressed oops)
Heap:
 def new generation   total 37440K, used 0K [0x00000000f0600000, 0x00000000f2ea0000, 0x00000000f5950000)
  eden space 33280K,   0% used [0x00000000f0600000, 0x00000000f0600000, 0x00000000f2680000)
  from space 4160K,   0% used [0x00000000f2680000, 0x00000000f2680000, 0x00000000f2a90000)
  to   space 4160K,   0% used [0x00000000f2a90000, 0x00000000f2a90000, 0x00000000f2ea0000)
 tenured generation   total 83164K, used 11206K [0x00000000f5950000, 0x00000000faa87000, 0x0000000100000000)
   the space 83164K,  13% used [0x00000000f5950000, 0x00000000f6441b40, 0x00000000f6441c00, 0x00000000faa87000)
 Metaspace       used 30825K, capacity 31128K, committed 31360K, reserved 1077248K
  class space    used 3310K, capacity 3415K, committed 3456K, reserved 1048576K
GC Heap History (10 events):
Event: 4.999 GC heap before
{Heap before GC invocations=61 (full 3):
 def new generation   total 8960K, used 8574K [0x00000000f0600000, 0x00000000f0fb0000, 0x00000000f5950000)
  eden space 8000K, 100% used [0x00000000f0600000, 0x00000000f0dd0000, 0x00000000f0dd0000)
  from space 960K,  59% used [0x00000000f0dd0000, 0x00000000f0e5fa98, 0x00000000f0ec0000)
  to   space 960K,   0% used [0x00000000f0ec0000, 0x00000000f0ec0000, 0x00000000f0fb0000)
 tenured generation   total 122192K, used 114344K [0x00000000f5950000, 0x00000000fd0a4000, 0x0000000100000000)
   the space 122192K,  93% used [0x00000000f5950000, 0x00000000fc8fa258, 0x00000000fc8fa400, 0x00000000fd0a4000)
 Metaspace       used 30444K, capacity 30680K, committed 31104K, reserved 1077248K
  class space    used 3271K, capacity 3351K, committed 3456K, reserved 1048576K
Event: 5.000 GC heap after
Heap after GC invocations=62 (full 3):
 def new generation   total 8960K, used 32K [0x00000000f0600000, 0x00000000f0fb0000, 0x00000000f5950000)
  eden space 8000K,   0% used [0x00000000f0600000, 0x00000000f0600000, 0x00000000f0dd0000)
  from space 960K,   3% used [0x00000000f0ec0000, 0x00000000f0ec8340, 0x00000000f0fb0000)
  to   space 960K,   0% used [0x00000000f0dd0000, 0x00000000f0dd0000, 0x00000000f0ec0000)
 tenured generation   total 122192K, used 114387K [0x00000000f5950000, 0x00000000fd0a4000, 0x0000000100000000)
   the space 122192K,  93% used [0x00000000f5950000, 0x00000000fc904d78, 0x00000000fc904e00, 0x00000000fd0a4000)
 Metaspace       used 30444K, capacity 30680K, committed 31104K, reserved 1077248K
  class space    used 3271K, capacity 3351K, committed 3456K, reserved 1048576K
}
Event: 5.067 GC heap before
{Heap before GC invocations=62 (full 3):
 def new generation   total 8960K, used 8032K [0x00000000f0600000, 0x00000000f0fb0000, 0x00000000f5950000)
  eden space 8000K, 100% used [0x00000000f0600000, 0x00000000f0dd0000, 0x00000000f0dd0000)
  from space 960K,   3% used [0x00000000f0ec0000, 0x00000000f0ec8340, 0x00000000f0fb0000)
  to   space 960K,   0% used [0x00000000f0dd0000, 0x00000000f0dd0000, 0x00000000f0ec0000)
 tenured generation   total 122192K, used 114387K [0x00000000f5950000, 0x00000000fd0a4000, 0x0000000100000000)
   the space 122192K,  93% used [0x00000000f5950000, 0x00000000fc904d78, 0x00000000fc904e00, 0x00000000fd0a4000)
 Metaspace       used 30474K, capacity 30744K, committed 31104K, reserved 1077248K
  class space    used 3275K, capacity 3351K, committed 3456K, reserved 1048576K
Event: 5.068 GC heap after
Heap after GC invocations=63 (full 3):
 def new generation   total 8960K, used 32K [0x00000000f0600000, 0x00000000f0fb0000, 0x00000000f5950000)
  eden space 8000K,   0% used [0x00000000f0600000, 0x00000000f0600000, 0x00000000f0dd0000)
  from space 960K,   3% used [0x00000000f0dd0000, 0x00000000f0dd8158, 0x00000000f0ec0000)
  to   space 960K,   0% used [0x00000000f0ec0000, 0x00000000f0ec0000, 0x00000000f0fb0000)
 tenured generation   total 122192K, used 114387K [0x00000000f5950000, 0x00000000fd0a4000, 0x0000000100000000)
   the space 122192K,  93% used [0x00000000f5950000, 0x00000000fc904d78, 0x00000000fc904e00, 0x00000000fd0a4000)
 Metaspace       used 30474K, capacity 30744K, committed 31104K, reserved 1077248K
  class space    used 3275K, capacity 3351K, committed 3456K, reserved 1048576K
}
Event: 5.395 GC heap before
{Heap before GC invocations=63 (full 3):
 def new generation   total 8960K, used 4544K [0x00000000f0600000, 0x00000000f0fb0000, 0x00000000f5950000)
  eden space 8000K,  56% used [0x00000000f0600000, 0x00000000f0a67f18, 0x00000000f0dd0000)
  from space 960K,   3% used [0x00000000f0dd0000, 0x00000000f0dd8158, 0x00000000f0ec0000)
  to   space 960K,   0% used [0x00000000f0ec0000, 0x00000000f0ec0000, 0x00000000f0fb0000)
 tenured generation   total 122192K, used 114387K [0x00000000f5950000, 0x00000000fd0a4000, 0x0000000100000000)
   the space 122192K,  93% used [0x00000000f5950000, 0x00000000fc904d78, 0x00000000fc904e00, 0x00000000fd0a4000)
 Metaspace       used 30746K, capacity 31064K, committed 31360K, reserved 1077248K
  class space    used 3310K, capacity 3415K, committed 3456K, reserved 1048576K
Event: 5.437 GC heap after
Heap after GC invocations=64 (full 4):
 def new generation   total 55040K, used 0K [0x00000000f0600000, 0x00000000f41b0000, 0x00000000f5950000)
  eden space 48960K,   0% used [0x00000000f0600000, 0x00000000f0600000, 0x00000000f35d0000)
  from space 6080K,   0% used [0x00000000f35d0000, 0x00000000f35d0000, 0x00000000f3bc0000)
  to   space 6080K,   0% used [0x00000000f3bc0000, 0x00000000f3bc0000, 0x00000000f41b0000)
 tenured generation   total 122192K, used 11320K [0x00000000f5950000, 0x00000000fd0a4000, 0x0000000100000000)
   the space 122192K,   9% used [0x00000000f5950000, 0x00000000f645e360, 0x00000000f645e400, 0x00000000fd0a4000)
 Metaspace       used 30746K, capacity 31064K, committed 31360K, reserved 1077248K
  class space    used 3310K, capacity 3415K, committed 3456K, reserved 1048576K
}
Event: 5.714 GC heap before
{Heap before GC invocations=64 (full 4):
 def new generation   total 55040K, used 17769K [0x00000000f0600000, 0x00000000f41b0000, 0x00000000f5950000)
  eden space 48960K,  36% used [0x00000000f0600000, 0x00000000f175a420, 0x00000000f35d0000)
  from space 6080K,   0% used [0x00000000f35d0000, 0x00000000f35d0000, 0x00000000f3bc0000)
  to   space 6080K,   0% used [0x00000000f3bc0000, 0x00000000f3bc0000, 0x00000000f41b0000)
 tenured generation   total 122192K, used 113720K [0x00000000f5950000, 0x00000000fd0a4000, 0x0000000100000000)
   the space 122192K,  93% used [0x00000000f5950000, 0x00000000fc85e370, 0x00000000fc85e400, 0x00000000fd0a4000)
 Metaspace       used 30808K, capacity 31064K, committed 31360K, reserved 1077248K
  class space    used 3310K, capacity 3415K, committed 3456K, reserved 1048576K
Event: 5.753 GC heap after
Heap after GC invocations=65 (full 5):
 def new generation   total 51264K, used 0K [0x00000000f0600000, 0x00000000f3d90000, 0x00000000f5950000)
  eden space 45632K,   0% used [0x00000000f0600000, 0x00000000f0600000, 0x00000000f3290000)
  from space 5632K,   0% used [0x00000000f3290000, 0x00000000f3290000, 0x00000000f3810000)
  to   space 5632K,   0% used [0x00000000f3810000, 0x00000000f3810000, 0x00000000f3d90000)
 tenured generation   total 113700K, used 11177K [0x00000000f5950000, 0x00000000fc859000, 0x0000000100000000)
   the space 113700K,   9% used [0x00000000f5950000, 0x00000000f643a610, 0x00000000f643a800, 0x00000000fc859000)
 Metaspace       used 30808K, capacity 31064K, committed 31360K, reserved 1077248K
  class space    used 3310K, capacity 3415K, committed 3456K, reserved 1048576K
}
Event: 5.964 GC heap before
{Heap before GC invocations=65 (full 5):
 def new generation   total 51264K, used 16294K [0x00000000f0600000, 0x00000000f3d90000, 0x00000000f5950000)
  eden space 45632K,  35% used [0x00000000f0600000, 0x00000000f15e9a60, 0x00000000f3290000)
  from space 5632K,   0% used [0x00000000f3290000, 0x00000000f3290000, 0x00000000f3810000)
  to   space 5632K,   0% used [0x00000000f3810000, 0x00000000f3810000, 0x00000000f3d90000)
 tenured generation   total 113700K, used 113577K [0x00000000f5950000, 0x00000000fc859000, 0x0000000100000000)
   the space 113700K,  99% used [0x00000000f5950000, 0x00000000fc83a620, 0x00000000fc83a800, 0x00000000fc859000)
 Metaspace       used 30825K, capacity 31128K, committed 31360K, reserved 1077248K
  class space    used 3310K, capacity 3415K, committed 3456K, reserved 1048576K
Event: 6.002 GC heap after
Heap after GC invocations=66 (full 6):
 def new generation   total 37440K, used 0K [0x00000000f0600000, 0x00000000f2ea0000, 0x00000000f5950000)
  eden space 33280K,   0% used [0x00000000f0600000, 0x00000000f0600000, 0x00000000f2680000)
  from space 4160K,   0% used [0x00000000f2680000, 0x00000000f2680000, 0x00000000f2a90000)
  to   space 4160K,   0% used [0x00000000f2a90000, 0x00000000f2a90000, 0x00000000f2ea0000)
 tenured generation   total 83164K, used 11206K [0x00000000f5950000, 0x00000000faa87000, 0x0000000100000000)
   the space 83164K,  13% used [0x00000000f5950000, 0x00000000f6441b40, 0x00000000f6441c00, 0x00000000faa87000)
 Metaspace       used 30825K, capacity 31128K, committed 31360K, reserved 1077248K
  class space    used 3310K, capacity 3415K, committed 3456K, reserved 1048576K
}

